2025-Jun-29 16:51:19 Наличие необходимых модулей php (check_php_modules): Ok
Все необходимые модули установлены
2025-Jun-29 16:51:19 Обязательные параметры PHP (check_php_settings): Fail
Ошибка! Значение max_input_vars должно быть не ниже 10000. Текущее значение: 1000
2025-Jun-29 16:51:19 Модули веб-сервера (check_security): Ok
Конфликтов не выявлено
2025-Jun-29 16:51:19 Значения переменных сервера (check_server_vars): Ok
Корректные
2025-Jun-29 16:51:19 Сохранение сессии (check_session): Ok
50% done
2025-Jun-29 16:51:19 Сохранение сессии (check_session): Ok
Успешно
2025-Jun-29 16:51:19 Параметры настройки UTF (mbstring и константа BX_UTF) (check_mbstring): Ok
Правильные. Сайт работает в UTF кодировке
2025-Jun-29 16:51:20 Служебные скрипты в корне сайта (check_install_scripts): Ok
Отсутствуют
2025-Jun-29 16:51:20 Работа с сокетами (check_socket): Ok
Connection to bitrix.local:80	Success

Успешно
2025-Jun-29 16:51:20 Выполнение агентов на cron (check_bx_crontab): Warning
Замечание. Агенты выполняются на хитах, рекомендуется перевести выполнение агентов на cron
2025-Jun-29 16:51:20 Лишний вывод в файлах конфигурации (check_dbconn): Ok
Connection to bitrix.local:80	Success

Успешно
2025-Jun-29 16:51:20 Сохранение сессии без UserAgent (check_session_ua): Ok
50% done
Connection to bitrix.local:80	Success

2025-Jun-29 16:51:20 Сохранение сессии без UserAgent (check_session_ua): Ok
Connection to bitrix.local:80	Success

Успешно
2025-Jun-29 16:51:21 Настройки сайтов (check_sites): Ok
Правильные
2025-Jun-29 16:51:21 Размер стека и pcre.recursion_limit (check_pcre_recursion): Ok
Connection to bitrix.local:80	Success

Успешно
2025-Jun-29 16:51:21 Загрузка файла (check_upload): Ok
Connection to bitrix.local:80	Success

Успешно
2025-Jun-29 16:51:21 Загрузка файла больше 4Мб (check_upload_big): Ok
Connection to bitrix.local:80	Success

Успешно
2025-Jun-29 16:51:21 Загрузка файла через php://input (check_upload_raw): Ok
Connection to bitrix.local:80	Success

Успешно
2025-Jun-29 16:51:21 Передача POST запроса с большим числом параметров (check_post): Ok
Connection to bitrix.local:80	Success

Успешно
2025-Jun-29 16:51:22 Отправка почты (check_mail): Ok
Успешно
2025-Jun-29 16:51:22 Отправка почтового сообщения больше 64Кб (check_mail_big): Ok
Успешно
2025-Jun-29 16:51:22 Проверка на наличие неотправленных сообщений (check_mail_b_event): Ok
Успешно
2025-Jun-29 16:51:22 Внутреннее перенаправление (функция LocalRedirect) (check_localredirect): Ok
50% done
Connection to bitrix.local:80	Success

2025-Jun-29 16:51:22 Внутреннее перенаправление (функция LocalRedirect) (check_localredirect): Ok
Connection to bitrix.local:80	Success

Успешно
2025-Jun-29 16:51:22 Фактическое ограничение памяти (check_memory_limit): Ok
20% done
Connection to bitrix.local:80	Success

2025-Jun-29 16:51:22 Фактическое ограничение памяти (check_memory_limit): Ok
40% done
Connection to bitrix.local:80	Success

2025-Jun-29 16:51:23 Фактическое ограничение памяти (check_memory_limit): Ok
60% done
Connection to bitrix.local:80	Success

2025-Jun-29 16:51:23 Фактическое ограничение памяти (check_memory_limit): Ok
80% done
Connection to bitrix.local:80	Success

2025-Jun-29 16:51:23 Фактическое ограничение памяти (check_memory_limit): Ok
Connection to bitrix.local:80	Success

Не менее 256 М
2025-Jun-29 16:51:23 Работа с файлами кеша (check_cache): Ok
Успешно
2025-Jun-29 16:51:23 Доступ к серверу обновлений (check_update): Ok
Успешно
2025-Jun-29 16:51:24 HTTP авторизация (check_http_auth): Ok
Connection to bitrix.local:80	Success

Успешно
2025-Jun-29 16:51:24 Создание и запуск файла (check_exec): Ok
Connection to bitrix.local:80	Success

Успешно
